{"/home/dan/Documents/weather_v2/frontend/src/App.js": {"path":"/home/dan/Documents/weather_v2/frontend/src/App.js","statementMap":{"0":{"start":{"line":25,"column":28},"end":{"line":25,"column":42}},"1":{"start":{"line":26,"column":28},"end":{"line":26,"column":46}},"2":{"start":{"line":27,"column":32},"end":{"line":27,"column":46}},"3":{"start":{"line":28,"column":34},"end":{"line":28,"column":56}},"4":{"start":{"line":29,"column":20},"end":{"line":29,"column":56}},"5":{"start":{"line":31,"column":22},"end":{"line":37,"column":3}},"6":{"start":{"line":32,"column":4},"end":{"line":36,"column":60}},"7":{"start":{"line":36,"column":23},"end":{"line":36,"column":58}},"8":{"start":{"line":39,"column":2},"end":{"line":47,"column":21}},"9":{"start":{"line":40,"column":4},"end":{"line":46,"column":5}},"10":{"start":{"line":41,"column":6},"end":{"line":41,"column":20}},"11":{"start":{"line":42,"column":11},"end":{"line":46,"column":5}},"12":{"start":{"line":43,"column":6},"end":{"line":43,"column":35}},"13":{"start":{"line":45,"column":6},"end":{"line":45,"column":50}},"14":{"start":{"line":49,"column":2},"end":{"line":73,"column":37}},"15":{"start":{"line":50,"column":4},"end":{"line":72,"column":5}},"16":{"start":{"line":51,"column":6},"end":{"line":71,"column":7}},"17":{"start":{"line":52,"column":8},"end":{"line":61,"column":11}},"18":{"start":{"line":59,"column":10},"end":{"line":59,"column":27}},"19":{"start":{"line":60,"column":10},"end":{"line":60,"column":35}},"20":{"start":{"line":63,"column":8},"end":{"line":70,"column":11}},"21":{"start":{"line":69,"column":10},"end":{"line":69,"column":35}},"22":{"start":{"line":79,"column":27},"end":{"line":90,"column":3}},"23":{"start":{"line":80,"column":4},"end":{"line":80,"column":53}},"24":{"start":{"line":80,"column":18},"end":{"line":80,"column":53}},"25":{"start":{"line":81,"column":25},"end":{"line":81,"column":53}},"26":{"start":{"line":82,"column":26},"end":{"line":82,"column":53}},"27":{"start":{"line":83,"column":4},"end":{"line":89,"column":5}},"28":{"start":{"line":84,"column":6},"end":{"line":84,"column":41}},"29":{"start":{"line":85,"column":11},"end":{"line":89,"column":5}},"30":{"start":{"line":86,"column":6},"end":{"line":86,"column":45}},"31":{"start":{"line":88,"column":6},"end":{"line":88,"column":41}},"32":{"start":{"line":96,"column":21},"end":{"line":96,"column":64}},"33":{"start":{"line":96,"column":27},"end":{"line":96,"column":64}},"34":{"start":{"line":98,"column":2},"end":{"line":148,"column":4}}},"fnMap":{"0":{"name":"App","decl":{"start":{"line":24,"column":9},"end":{"line":24,"column":12}},"loc":{"start":{"line":24,"column":15},"end":{"line":149,"column":1}},"line":24},"1":{"name":"(anonymous_1)","decl":{"start":{"line":31,"column":22},"end":{"line":31,"column":23}},"loc":{"start":{"line":31,"column":28},"end":{"line":37,"column":3}},"line":31},"2":{"name":"(anonymous_2)","decl":{"start":{"line":36,"column":11},"end":{"line":36,"column":12}},"loc":{"start":{"line":36,"column":23},"end":{"line":36,"column":58}},"line":36},"3":{"name":"(anonymous_3)","decl":{"start":{"line":39,"column":12},"end":{"line":39,"column":13}},"loc":{"start":{"line":39,"column":18},"end":{"line":47,"column":3}},"line":39},"4":{"name":"(anonymous_4)","decl":{"start":{"line":45,"column":40},"end":{"line":45,"column":41}},"loc":{"start":{"line":45,"column":46},"end":{"line":45,"column":48}},"line":45},"5":{"name":"(anonymous_5)","decl":{"start":{"line":49,"column":12},"end":{"line":49,"column":13}},"loc":{"start":{"line":49,"column":18},"end":{"line":73,"column":3}},"line":49},"6":{"name":"(anonymous_6)","decl":{"start":{"line":58,"column":17},"end":{"line":58,"column":18}},"loc":{"start":{"line":58,"column":26},"end":{"line":61,"column":9}},"line":58},"7":{"name":"(anonymous_7)","decl":{"start":{"line":68,"column":17},"end":{"line":68,"column":18}},"loc":{"start":{"line":68,"column":26},"end":{"line":70,"column":9}},"line":68},"8":{"name":"(anonymous_8)","decl":{"start":{"line":79,"column":27},"end":{"line":79,"column":28}},"loc":{"start":{"line":79,"column":33},"end":{"line":90,"column":3}},"line":79},"9":{"name":"(anonymous_9)","decl":{"start":{"line":96,"column":21},"end":{"line":96,"column":22}},"loc":{"start":{"line":96,"column":27},"end":{"line":96,"column":64}},"line":96}},"branchMap":{"0":{"loc":{"start":{"line":40,"column":4},"end":{"line":46,"column":5}},"type":"if","locations":[{"start":{"line":40,"column":4},"end":{"line":46,"column":5}},{"start":{"line":42,"column":11},"end":{"line":46,"column":5}}],"line":40},"1":{"loc":{"start":{"line":42,"column":11},"end":{"line":46,"column":5}},"type":"if","locations":[{"start":{"line":42,"column":11},"end":{"line":46,"column":5}},{"start":{"line":44,"column":11},"end":{"line":46,"column":5}}],"line":42},"2":{"loc":{"start":{"line":50,"column":4},"end":{"line":72,"column":5}},"type":"if","locations":[{"start":{"line":50,"column":4},"end":{"line":72,"column":5}},{"start":{},"end":{}}],"line":50},"3":{"loc":{"start":{"line":51,"column":6},"end":{"line":71,"column":7}},"type":"if","locations":[{"start":{"line":51,"column":6},"end":{"line":71,"column":7}},{"start":{"line":62,"column":13},"end":{"line":71,"column":7}}],"line":51},"4":{"loc":{"start":{"line":80,"column":4},"end":{"line":80,"column":53}},"type":"if","locations":[{"start":{"line":80,"column":4},"end":{"line":80,"column":53}},{"start":{},"end":{}}],"line":80},"5":{"loc":{"start":{"line":81,"column":25},"end":{"line":81,"column":53}},"type":"cond-expr","locations":[{"start":{"line":81,"column":46},"end":{"line":81,"column":48}},{"start":{"line":81,"column":51},"end":{"line":81,"column":53}}],"line":81},"6":{"loc":{"start":{"line":82,"column":26},"end":{"line":82,"column":53}},"type":"cond-expr","locations":[{"start":{"line":82,"column":47},"end":{"line":82,"column":48}},{"start":{"line":82,"column":51},"end":{"line":82,"column":53}}],"line":82},"7":{"loc":{"start":{"line":83,"column":4},"end":{"line":89,"column":5}},"type":"if","locations":[{"start":{"line":83,"column":4},"end":{"line":89,"column":5}},{"start":{"line":85,"column":11},"end":{"line":89,"column":5}}],"line":83},"8":{"loc":{"start":{"line":83,"column":8},"end":{"line":83,"column":69}},"type":"binary-expr","locations":[{"start":{"line":83,"column":8},"end":{"line":83,"column":36}},{"start":{"line":83,"column":40},"end":{"line":83,"column":69}}],"line":83},"9":{"loc":{"start":{"line":85,"column":11},"end":{"line":89,"column":5}},"type":"if","locations":[{"start":{"line":85,"column":11},"end":{"line":89,"column":5}},{"start":{"line":87,"column":11},"end":{"line":89,"column":5}}],"line":85},"10":{"loc":{"start":{"line":110,"column":7},"end":{"line":144,"column":7}},"type":"binary-expr","locations":[{"start":{"line":110,"column":7},"end":{"line":110,"column":14}},{"start":{"line":111,"column":8},"end":{"line":143,"column":14}}],"line":110},"11":{"loc":{"start":{"line":116,"column":11},"end":{"line":142,"column":11}},"type":"cond-expr","locations":[{"start":{"line":117,"column":12},"end":{"line":133,"column":15}},{"start":{"line":135,"column":12},"end":{"line":141,"column":21}}],"line":116}},"s":{"0":0,"1":0,"2":0,"3":0,"4":0,"5":0,"6":0,"7":0,"8":0,"9":0,"10":0,"11":0,"12":0,"13":0,"14":0,"15":0,"16":0,"17":0,"18":0,"19":0,"20":0,"21":0,"22":0,"23":0,"24":0,"25":0,"26":0,"27":0,"28":0,"29":0,"30":0,"31":0,"32":0,"33":0,"34":0},"f":{"0":0,"1":0,"2":0,"3":0,"4":0,"5":0,"6":0,"7":0,"8":0,"9":0},"b":{"0":[0,0],"1":[0,0],"2":[0,0],"3":[0,0],"4":[0,0],"5":[0,0],"6":[0,0],"7":[0,0],"8":[0,0],"9":[0,0],"10":[0,0],"11":[0,0]}}
,"/home/dan/Documents/weather_v2/frontend/src/index.js": {"path":"/home/dan/Documents/weather_v2/frontend/src/index.js","statementMap":{"0":{"start":{"line":6,"column":13},"end":{"line":6,"column":65}},"1":{"start":{"line":7,"column":0},"end":{"line":7,"column":21}}},"fnMap":{},"branchMap":{},"s":{"0":0,"1":0},"f":{},"b":{}}
,"/home/dan/Documents/weather_v2/frontend/src/components/AirQuality.jsx": {"path":"/home/dan/Documents/weather_v2/frontend/src/components/AirQuality.jsx","statementMap":{"0":{"start":{"line":13,"column":15},"end":{"line":13,"column":67}},"1":{"start":{"line":15,"column":2},"end":{"line":36,"column":4}},"2":{"start":{"line":24,"column":10},"end":{"line":30,"column":16}}},"fnMap":{"0":{"name":"AirQuality","decl":{"start":{"line":12,"column":9},"end":{"line":12,"column":19}},"loc":{"start":{"line":12,"column":57},"end":{"line":37,"column":1}},"line":12},"1":{"name":"(anonymous_1)","decl":{"start":{"line":23,"column":30},"end":{"line":23,"column":31}},"loc":{"start":{"line":24,"column":10},"end":{"line":30,"column":16}},"line":24}},"branchMap":{"0":{"loc":{"start":{"line":15,"column":9},"end":{"line":36,"column":3}},"type":"cond-expr","locations":[{"start":{"line":16,"column":4},"end":{"line":33,"column":10}},{"start":{"line":35,"column":4},"end":{"line":35,"column":38}}],"line":15}},"s":{"0":2,"1":2,"2":3},"f":{"0":2,"1":3},"b":{"0":[1,1]},"_coverageSchema":"1a1c01bbd47fc00a2c39e90264f33305004495a9","hash":"58f87e24fe1a0c489476b8330dd5ac650cf4bb79"}
,"/home/dan/Documents/weather_v2/frontend/src/components/ChartView.jsx": {"path":"/home/dan/Documents/weather_v2/frontend/src/components/ChartView.jsx","statementMap":{"0":{"start":{"line":24,"column":46},"end":{"line":24,"column":67}},"1":{"start":{"line":30,"column":42},"end":{"line":30,"column":55}},"2":{"start":{"line":36,"column":32},"end":{"line":36,"column":46}},"3":{"start":{"line":42,"column":32},"end":{"line":42,"column":46}},"4":{"start":{"line":52,"column":30},"end":{"line":62,"column":3}},"5":{"start":{"line":54,"column":6},"end":{"line":59,"column":9}},"6":{"start":{"line":67,"column":2},"end":{"line":84,"column":44}},"7":{"start":{"line":70,"column":4},"end":{"line":76,"column":5}},"8":{"start":{"line":71,"column":6},"end":{"line":71,"column":27}},"9":{"start":{"line":72,"column":11},"end":{"line":76,"column":5}},"10":{"start":{"line":73,"column":6},"end":{"line":73,"column":26}},"11":{"start":{"line":75,"column":6},"end":{"line":75,"column":58}},"12":{"start":{"line":78,"column":4},"end":{"line":83,"column":7}},"13":{"start":{"line":90,"column":2},"end":{"line":119,"column":4}}},"fnMap":{"0":{"name":"WeatherChart","decl":{"start":{"line":19,"column":9},"end":{"line":19,"column":21}},"loc":{"start":{"line":19,"column":55},"end":{"line":120,"column":1}},"line":19},"1":{"name":"(anonymous_1)","decl":{"start":{"line":53,"column":4},"end":{"line":53,"column":5}},"loc":{"start":{"line":53,"column":59},"end":{"line":60,"column":5}},"line":53},"2":{"name":"(anonymous_2)","decl":{"start":{"line":67,"column":12},"end":{"line":67,"column":13}},"loc":{"start":{"line":67,"column":18},"end":{"line":84,"column":3}},"line":67}},"branchMap":{"0":{"loc":{"start":{"line":70,"column":4},"end":{"line":76,"column":5}},"type":"if","locations":[{"start":{"line":70,"column":4},"end":{"line":76,"column":5}},{"start":{"line":72,"column":11},"end":{"line":76,"column":5}}],"line":70},"1":{"loc":{"start":{"line":72,"column":11},"end":{"line":76,"column":5}},"type":"if","locations":[{"start":{"line":72,"column":11},"end":{"line":76,"column":5}},{"start":{"line":74,"column":11},"end":{"line":76,"column":5}}],"line":72},"2":{"loc":{"start":{"line":91,"column":4},"end":{"line":118,"column":5}},"type":"binary-expr","locations":[{"start":{"line":91,"column":4},"end":{"line":91,"column":10}},{"start":{"line":92,"column":6},"end":{"line":117,"column":12}}],"line":91}},"s":{"0":4,"1":4,"2":4,"3":4,"4":4,"5":2,"6":4,"7":2,"8":0,"9":2,"10":0,"11":2,"12":2,"13":4},"f":{"0":4,"1":2,"2":2},"b":{"0":[0,2],"1":[0,2],"2":[4,2]},"_coverageSchema":"1a1c01bbd47fc00a2c39e90264f33305004495a9","hash":"a0c0289050377154f6cc81b97a241965948ecde9"}
,"/home/dan/Documents/weather_v2/frontend/src/components/Forecast.jsx": {"path":"/home/dan/Documents/weather_v2/frontend/src/components/Forecast.jsx","statementMap":{"0":{"start":{"line":11,"column":2},"end":{"line":26,"column":4}},"1":{"start":{"line":20,"column":10},"end":{"line":20,"column":50}}},"fnMap":{"0":{"name":"Forecast","decl":{"start":{"line":10,"column":9},"end":{"line":10,"column":17}},"loc":{"start":{"line":10,"column":36},"end":{"line":27,"column":1}},"line":10},"1":{"name":"(anonymous_1)","decl":{"start":{"line":19,"column":32},"end":{"line":19,"column":33}},"loc":{"start":{"line":20,"column":10},"end":{"line":20,"column":50}},"line":20}},"branchMap":{"0":{"loc":{"start":{"line":11,"column":9},"end":{"line":26,"column":3}},"type":"cond-expr","locations":[{"start":{"line":12,"column":4},"end":{"line":23,"column":10}},{"start":{"line":25,"column":4},"end":{"line":25,"column":35}}],"line":11}},"s":{"0":2,"1":6},"f":{"0":2,"1":6},"b":{"0":[1,1]},"_coverageSchema":"1a1c01bbd47fc00a2c39e90264f33305004495a9","hash":"dc5c7befb1df3186bcf391ee97d50cf43b4a6194"}
,"/home/dan/Documents/weather_v2/frontend/src/components/ForecastItem.jsx": {"path":"/home/dan/Documents/weather_v2/frontend/src/components/ForecastItem.jsx","statementMap":{"0":{"start":{"line":15,"column":2},"end":{"line":25,"column":4}}},"fnMap":{"0":{"name":"ForecastItem","decl":{"start":{"line":14,"column":9},"end":{"line":14,"column":21}},"loc":{"start":{"line":14,"column":39},"end":{"line":26,"column":1}},"line":14}},"branchMap":{},"s":{"0":7},"f":{"0":7},"b":{},"_coverageSchema":"1a1c01bbd47fc00a2c39e90264f33305004495a9","hash":"bf8a77eccd2a7e1237ea7db5f99790e7c8df17e6"}
,"/home/dan/Documents/weather_v2/frontend/src/components/Inputs.jsx": {"path":"/home/dan/Documents/weather_v2/frontend/src/components/Inputs.jsx","statementMap":{"0":{"start":{"line":21,"column":26},"end":{"line":21,"column":38}},"1":{"start":{"line":28,"column":23},"end":{"line":32,"column":16}},"2":{"start":{"line":29,"column":4},"end":{"line":31,"column":6}},"3":{"start":{"line":30,"column":6},"end":{"line":30,"column":41}},"4":{"start":{"line":39,"column":24},"end":{"line":43,"column":16}},"5":{"start":{"line":40,"column":4},"end":{"line":42,"column":7}},"6":{"start":{"line":41,"column":6},"end":{"line":41,"column":35}},"7":{"start":{"line":49,"column":28},"end":{"line":54,"column":3}},"8":{"start":{"line":51,"column":6},"end":{"line":51,"column":57}},"9":{"start":{"line":51,"column":34},"end":{"line":51,"column":57}},"10":{"start":{"line":59,"column":28},"end":{"line":61,"column":12}},"11":{"start":{"line":60,"column":4},"end":{"line":60,"column":40}},"12":{"start":{"line":60,"column":21},"end":{"line":60,"column":40}},"13":{"start":{"line":66,"column":30},"end":{"line":80,"column":16}},"14":{"start":{"line":67,"column":4},"end":{"line":79,"column":5}},"15":{"start":{"line":68,"column":6},"end":{"line":68,"column":45}},"16":{"start":{"line":69,"column":6},"end":{"line":78,"column":9}},"17":{"start":{"line":70,"column":8},"end":{"line":70,"column":43}},"18":{"start":{"line":71,"column":18},"end":{"line":71,"column":42}},"19":{"start":{"line":72,"column":18},"end":{"line":72,"column":43}},"20":{"start":{"line":74,"column":8},"end":{"line":77,"column":11}},"21":{"start":{"line":86,"column":2},"end":{"line":103,"column":4}}},"fnMap":{"0":{"name":"Inputs","decl":{"start":{"line":20,"column":9},"end":{"line":20,"column":15}},"loc":{"start":{"line":20,"column":70},"end":{"line":104,"column":1}},"line":20},"1":{"name":"(anonymous_1)","decl":{"start":{"line":28,"column":35},"end":{"line":28,"column":36}},"loc":{"start":{"line":28,"column":41},"end":{"line":32,"column":3}},"line":28},"2":{"name":"(anonymous_2)","decl":{"start":{"line":29,"column":41},"end":{"line":29,"column":42}},"loc":{"start":{"line":30,"column":6},"end":{"line":30,"column":41}},"line":30},"3":{"name":"(anonymous_3)","decl":{"start":{"line":39,"column":36},"end":{"line":39,"column":37}},"loc":{"start":{"line":39,"column":42},"end":{"line":43,"column":3}},"line":39},"4":{"name":"(anonymous_4)","decl":{"start":{"line":40,"column":23},"end":{"line":40,"column":24}},"loc":{"start":{"line":40,"column":29},"end":{"line":42,"column":5}},"line":40},"5":{"name":"(anonymous_5)","decl":{"start":{"line":50,"column":4},"end":{"line":50,"column":5}},"loc":{"start":{"line":50,"column":22},"end":{"line":52,"column":5}},"line":50},"6":{"name":"(anonymous_6)","decl":{"start":{"line":59,"column":40},"end":{"line":59,"column":41}},"loc":{"start":{"line":59,"column":46},"end":{"line":61,"column":3}},"line":59},"7":{"name":"(anonymous_7)","decl":{"start":{"line":66,"column":42},"end":{"line":66,"column":43}},"loc":{"start":{"line":66,"column":48},"end":{"line":80,"column":3}},"line":66},"8":{"name":"(anonymous_8)","decl":{"start":{"line":69,"column":47},"end":{"line":69,"column":48}},"loc":{"start":{"line":69,"column":61},"end":{"line":78,"column":7}},"line":69}},"branchMap":{"0":{"loc":{"start":{"line":51,"column":6},"end":{"line":51,"column":57}},"type":"if","locations":[{"start":{"line":51,"column":6},"end":{"line":51,"column":57}},{"start":{},"end":{}}],"line":51},"1":{"loc":{"start":{"line":60,"column":4},"end":{"line":60,"column":40}},"type":"if","locations":[{"start":{"line":60,"column":4},"end":{"line":60,"column":40}},{"start":{},"end":{}}],"line":60},"2":{"loc":{"start":{"line":67,"column":4},"end":{"line":79,"column":5}},"type":"if","locations":[{"start":{"line":67,"column":4},"end":{"line":79,"column":5}},{"start":{},"end":{}}],"line":67}},"s":{"0":4,"1":4,"2":0,"3":0,"4":4,"5":0,"6":0,"7":4,"8":0,"9":0,"10":4,"11":1,"12":1,"13":4,"14":1,"15":1,"16":1,"17":1,"18":1,"19":1,"20":1,"21":4},"f":{"0":4,"1":0,"2":0,"3":0,"4":0,"5":0,"6":1,"7":1,"8":1},"b":{"0":[0,0],"1":[1,0],"2":[1,0]},"_coverageSchema":"1a1c01bbd47fc00a2c39e90264f33305004495a9","hash":"de67656bea4852716eed4a5672432349908275bb"}
,"/home/dan/Documents/weather_v2/frontend/src/components/QueryInput.jsx": {"path":"/home/dan/Documents/weather_v2/frontend/src/components/QueryInput.jsx","statementMap":{"0":{"start":{"line":14,"column":2},"end":{"line":37,"column":4}},"1":{"start":{"line":19,"column":25},"end":{"line":19,"column":55}}},"fnMap":{"0":{"name":"QueryInput","decl":{"start":{"line":13,"column":9},"end":{"line":13,"column":19}},"loc":{"start":{"line":13,"column":79},"end":{"line":38,"column":1}},"line":13},"1":{"name":"(anonymous_1)","decl":{"start":{"line":19,"column":18},"end":{"line":19,"column":19}},"loc":{"start":{"line":19,"column":25},"end":{"line":19,"column":55}},"line":19}},"branchMap":{},"s":{"0":7,"1":2},"f":{"0":7,"1":2},"b":{},"_coverageSchema":"1a1c01bbd47fc00a2c39e90264f33305004495a9","hash":"f07402c5951989a87beca26c8f5a968d78c135d0"}
,"/home/dan/Documents/weather_v2/frontend/src/components/SelectItem.jsx": {"path":"/home/dan/Documents/weather_v2/frontend/src/components/SelectItem.jsx","statementMap":{"0":{"start":{"line":22,"column":2},"end":{"line":35,"column":4}},"1":{"start":{"line":26,"column":23},"end":{"line":26,"column":52}},"2":{"start":{"line":30,"column":8},"end":{"line":32,"column":17}}},"fnMap":{"0":{"name":"SelectItem","decl":{"start":{"line":11,"column":9},"end":{"line":11,"column":19}},"loc":{"start":{"line":17,"column":3},"end":{"line":36,"column":1}},"line":17},"1":{"name":"(anonymous_1)","decl":{"start":{"line":26,"column":16},"end":{"line":26,"column":17}},"loc":{"start":{"line":26,"column":23},"end":{"line":26,"column":52}},"line":26},"2":{"name":"(anonymous_2)","decl":{"start":{"line":29,"column":19},"end":{"line":29,"column":20}},"loc":{"start":{"line":30,"column":8},"end":{"line":32,"column":17}},"line":30}},"branchMap":{},"s":{"0":10,"1":3,"2":46},"f":{"0":10,"1":3,"2":46},"b":{},"_coverageSchema":"1a1c01bbd47fc00a2c39e90264f33305004495a9","hash":"258bfad5f5c26903ef0f5b0f37bffb607df248e1"}
,"/home/dan/Documents/weather_v2/frontend/src/components/SelectOptions.jsx": {"path":"/home/dan/Documents/weather_v2/frontend/src/components/SelectOptions.jsx","statementMap":{"0":{"start":{"line":22,"column":29},"end":{"line":24,"column":8}},"1":{"start":{"line":23,"column":4},"end":{"line":23,"column":31}},"2":{"start":{"line":26,"column":18},"end":{"line":33,"column":3}},"3":{"start":{"line":35,"column":30},"end":{"line":40,"column":3}},"4":{"start":{"line":46,"column":2},"end":{"line":65,"column":4}}},"fnMap":{"0":{"name":"SelectOptions","decl":{"start":{"line":15,"column":9},"end":{"line":15,"column":22}},"loc":{"start":{"line":21,"column":3},"end":{"line":66,"column":1}},"line":21},"1":{"name":"(anonymous_1)","decl":{"start":{"line":22,"column":41},"end":{"line":22,"column":42}},"loc":{"start":{"line":22,"column":60},"end":{"line":24,"column":3}},"line":22}},"branchMap":{},"s":{"0":4,"1":2,"2":4,"3":4,"4":4},"f":{"0":4,"1":2},"b":{},"_coverageSchema":"1a1c01bbd47fc00a2c39e90264f33305004495a9","hash":"163992f9c262bcae624add85a80f4ca3c9cd41ad"}
,"/home/dan/Documents/weather_v2/frontend/src/components/SignInButton.jsx": {"path":"/home/dan/Documents/weather_v2/frontend/src/components/SignInButton.jsx","statementMap":{"0":{"start":{"line":23,"column":2},"end":{"line":39,"column":4}}},"fnMap":{"0":{"name":"SignInButton","decl":{"start":{"line":17,"column":9},"end":{"line":17,"column":21}},"loc":{"start":{"line":17,"column":65},"end":{"line":40,"column":1}},"line":17}},"branchMap":{"0":{"loc":{"start":{"line":23,"column":9},"end":{"line":39,"column":3}},"type":"cond-expr","locations":[{"start":{"line":24,"column":4},"end":{"line":30,"column":13}},{"start":{"line":32,"column":4},"end":{"line":38,"column":13}}],"line":23}},"s":{"0":6},"f":{"0":6},"b":{"0":[1,5]},"_coverageSchema":"1a1c01bbd47fc00a2c39e90264f33305004495a9","hash":"75db2bdccebac84f34e666b97a7a6c73b78ab3ad"}
,"/home/dan/Documents/weather_v2/frontend/src/components/SunStat.jsx": {"path":"/home/dan/Documents/weather_v2/frontend/src/components/SunStat.jsx","statementMap":{"0":{"start":{"line":13,"column":25},"end":{"line":21,"column":3}},"1":{"start":{"line":14,"column":11},"end":{"line":19,"column":5}},"2":{"start":{"line":27,"column":2},"end":{"line":34,"column":4}}},"fnMap":{"0":{"name":"SunStat","decl":{"start":{"line":12,"column":9},"end":{"line":12,"column":16}},"loc":{"start":{"line":12,"column":41},"end":{"line":35,"column":1}},"line":12},"1":{"name":"(anonymous_1)","decl":{"start":{"line":14,"column":4},"end":{"line":14,"column":5}},"loc":{"start":{"line":14,"column":11},"end":{"line":19,"column":5}},"line":14}},"branchMap":{},"s":{"0":9,"1":9,"2":9},"f":{"0":9,"1":9},"b":{},"_coverageSchema":"1a1c01bbd47fc00a2c39e90264f33305004495a9","hash":"b00ea0fadc3d410e33bdb4daba784559f77b5c8c"}
,"/home/dan/Documents/weather_v2/frontend/src/components/SunStats.jsx": {"path":"/home/dan/Documents/weather_v2/frontend/src/components/SunStats.jsx","statementMap":{"0":{"start":{"line":20,"column":2},"end":{"line":41,"column":4}}},"fnMap":{"0":{"name":"SunStats","decl":{"start":{"line":15,"column":9},"end":{"line":15,"column":17}},"loc":{"start":{"line":15,"column":69},"end":{"line":42,"column":1}},"line":15}},"branchMap":{},"s":{"0":2},"f":{"0":2},"b":{},"_coverageSchema":"1a1c01bbd47fc00a2c39e90264f33305004495a9","hash":"b080a0cfb4781ff30d27cbedcd1f72c64d302845"}
,"/home/dan/Documents/weather_v2/frontend/src/components/TemperatureAndDetails.jsx": {"path":"/home/dan/Documents/weather_v2/frontend/src/components/TemperatureAndDetails.jsx","statementMap":{"0":{"start":{"line":50,"column":2},"end":{"line":91,"column":4}}},"fnMap":{"0":{"name":"TemperatureAndDetails","decl":{"start":{"line":27,"column":9},"end":{"line":27,"column":30}},"loc":{"start":{"line":45,"column":3},"end":{"line":92,"column":1}},"line":45}},"branchMap":{},"s":{"0":1},"f":{"0":1},"b":{},"_coverageSchema":"1a1c01bbd47fc00a2c39e90264f33305004495a9","hash":"039adaac4de320de64d4ff18f65c0bd80c788a1a"}
,"/home/dan/Documents/weather_v2/frontend/src/components/TimeAndLocation.jsx": {"path":"/home/dan/Documents/weather_v2/frontend/src/components/TimeAndLocation.jsx","statementMap":{"0":{"start":{"line":18,"column":2},"end":{"line":40,"column":4}}},"fnMap":{"0":{"name":"TimeAndLocation","decl":{"start":{"line":13,"column":9},"end":{"line":13,"column":24}},"loc":{"start":{"line":13,"column":72},"end":{"line":41,"column":1}},"line":13}},"branchMap":{"0":{"loc":{"start":{"line":25,"column":10},"end":{"line":25,"column":52}},"type":"cond-expr","locations":[{"start":{"line":25,"column":21},"end":{"line":25,"column":43}},{"start":{"line":25,"column":46},"end":{"line":25,"column":52}}],"line":25}},"s":{"0":1},"f":{"0":1},"b":{"0":[1,0]},"_coverageSchema":"1a1c01bbd47fc00a2c39e90264f33305004495a9","hash":"1cad11a25a4c6dbf816c699e27b53e4dbe40a6bc"}
,"/home/dan/Documents/weather_v2/frontend/src/components/UnitsInput.jsx": {"path":"/home/dan/Documents/weather_v2/frontend/src/components/UnitsInput.jsx","statementMap":{"0":{"start":{"line":4,"column":2},"end":{"line":24,"column":4}},"1":{"start":{"line":10,"column":24},"end":{"line":10,"column":56}},"2":{"start":{"line":19,"column":24},"end":{"line":19,"column":56}}},"fnMap":{"0":{"name":"UnitsInput","decl":{"start":{"line":3,"column":9},"end":{"line":3,"column":19}},"loc":{"start":{"line":3,"column":43},"end":{"line":25,"column":1}},"line":3},"1":{"name":"(anonymous_1)","decl":{"start":{"line":10,"column":17},"end":{"line":10,"column":18}},"loc":{"start":{"line":10,"column":24},"end":{"line":10,"column":56}},"line":10},"2":{"name":"(anonymous_2)","decl":{"start":{"line":19,"column":17},"end":{"line":19,"column":18}},"loc":{"start":{"line":19,"column":24},"end":{"line":19,"column":56}},"line":19}},"branchMap":{},"s":{"0":6,"1":1,"2":1},"f":{"0":6,"1":1,"2":1},"b":{},"_coverageSchema":"1a1c01bbd47fc00a2c39e90264f33305004495a9","hash":"83dd737770d4e18d180c8881a1ad3b6982534f5d"}
,"/home/dan/Documents/weather_v2/frontend/src/components/WeatherInfo.jsx": {"path":"/home/dan/Documents/weather_v2/frontend/src/components/WeatherInfo.jsx","statementMap":{"0":{"start":{"line":10,"column":2},"end":{"line":18,"column":4}}},"fnMap":{"0":{"name":"WeatherInfo","decl":{"start":{"line":9,"column":9},"end":{"line":9,"column":20}},"loc":{"start":{"line":9,"column":45},"end":{"line":19,"column":1}},"line":9}},"branchMap":{},"s":{"0":13},"f":{"0":13},"b":{},"_coverageSchema":"1a1c01bbd47fc00a2c39e90264f33305004495a9","hash":"3022505018515eeadeb30dfc840c18a58797c6d3"}
,"/home/dan/Documents/weather_v2/frontend/src/components/WeatherStats.jsx": {"path":"/home/dan/Documents/weather_v2/frontend/src/components/WeatherStats.jsx","statementMap":{"0":{"start":{"line":36,"column":26},"end":{"line":71,"column":3}},"1":{"start":{"line":77,"column":2},"end":{"line":97,"column":4}},"2":{"start":{"line":80,"column":8},"end":{"line":94,"column":14}},"3":{"start":{"line":87,"column":12},"end":{"line":92,"column":14}}},"fnMap":{"0":{"name":"WeatherStats","decl":{"start":{"line":25,"column":9},"end":{"line":25,"column":21}},"loc":{"start":{"line":35,"column":3},"end":{"line":98,"column":1}},"line":35},"1":{"name":"(anonymous_1)","decl":{"start":{"line":79,"column":27},"end":{"line":79,"column":28}},"loc":{"start":{"line":80,"column":8},"end":{"line":94,"column":14}},"line":80},"2":{"name":"(anonymous_2)","decl":{"start":{"line":86,"column":19},"end":{"line":86,"column":20}},"loc":{"start":{"line":87,"column":12},"end":{"line":92,"column":14}},"line":87}},"branchMap":{"0":{"loc":{"start":{"line":82,"column":12},"end":{"line":82,"column":46}},"type":"cond-expr","locations":[{"start":{"line":82,"column":25},"end":{"line":82,"column":41}},{"start":{"line":82,"column":44},"end":{"line":82,"column":46}}],"line":82}},"s":{"0":2,"1":2,"2":4,"3":12},"f":{"0":2,"1":4,"2":12},"b":{"0":[2,2]},"_coverageSchema":"1a1c01bbd47fc00a2c39e90264f33305004495a9","hash":"632f0f4cd2a749176385643bec2fcc0863a5ea31"}
,"/home/dan/Documents/weather_v2/frontend/src/services/accountService.js": {"path":"/home/dan/Documents/weather_v2/frontend/src/services/accountService.js","statementMap":{"0":{"start":{"line":9,"column":19},"end":{"line":31,"column":1}},"1":{"start":{"line":10,"column":16},"end":{"line":10,"column":30}},"2":{"start":{"line":11,"column":2},"end":{"line":30,"column":7}},"3":{"start":{"line":20,"column":6},"end":{"line":24,"column":7}},"4":{"start":{"line":21,"column":8},"end":{"line":21,"column":26}},"5":{"start":{"line":23,"column":8},"end":{"line":23,"column":54}},"6":{"start":{"line":27,"column":6},"end":{"line":29,"column":7}},"7":{"start":{"line":28,"column":8},"end":{"line":28,"column":40}}},"fnMap":{"0":{"name":"(anonymous_0)","decl":{"start":{"line":9,"column":19},"end":{"line":9,"column":20}},"loc":{"start":{"line":9,"column":37},"end":{"line":31,"column":1}},"line":9},"1":{"name":"(anonymous_1)","decl":{"start":{"line":19,"column":10},"end":{"line":19,"column":11}},"loc":{"start":{"line":19,"column":19},"end":{"line":25,"column":5}},"line":19},"2":{"name":"(anonymous_2)","decl":{"start":{"line":26,"column":10},"end":{"line":26,"column":11}},"loc":{"start":{"line":26,"column":20},"end":{"line":30,"column":5}},"line":26}},"branchMap":{"0":{"loc":{"start":{"line":20,"column":6},"end":{"line":24,"column":7}},"type":"if","locations":[{"start":{"line":20,"column":6},"end":{"line":24,"column":7}},{"start":{"line":22,"column":13},"end":{"line":24,"column":7}}],"line":20},"1":{"loc":{"start":{"line":27,"column":6},"end":{"line":29,"column":7}},"type":"if","locations":[{"start":{"line":27,"column":6},"end":{"line":29,"column":7}},{"start":{},"end":{}}],"line":27}},"s":{"0":1,"1":2,"2":2,"3":2,"4":2,"5":0,"6":2,"7":2},"f":{"0":2,"1":2,"2":2},"b":{"0":[2,0],"1":[2,0]},"_coverageSchema":"1a1c01bbd47fc00a2c39e90264f33305004495a9","hash":"454395c890f87cd067f58eb071ce46a58df0e41a"}
,"/home/dan/Documents/weather_v2/frontend/src/services/authService.js": {"path":"/home/dan/Documents/weather_v2/frontend/src/services/authService.js","statementMap":{"0":{"start":{"line":18,"column":20},"end":{"line":43,"column":1}},"1":{"start":{"line":19,"column":21},"end":{"line":19,"column":35}},"2":{"start":{"line":20,"column":2},"end":{"line":42,"column":7}},"3":{"start":{"line":29,"column":6},"end":{"line":33,"column":7}},"4":{"start":{"line":30,"column":8},"end":{"line":30,"column":26}},"5":{"start":{"line":32,"column":8},"end":{"line":32,"column":54}},"6":{"start":{"line":36,"column":6},"end":{"line":41,"column":9}},"7":{"start":{"line":52,"column":19},"end":{"line":56,"column":1}},"8":{"start":{"line":53,"column":43},"end":{"line":53,"column":64}},"9":{"start":{"line":54,"column":15},"end":{"line":54,"column":38}},"10":{"start":{"line":55,"column":2},"end":{"line":55,"column":63}},"11":{"start":{"line":63,"column":20},"end":{"line":77,"column":1}},"12":{"start":{"line":64,"column":2},"end":{"line":76,"column":5}},"13":{"start":{"line":70,"column":4},"end":{"line":75,"column":5}},"14":{"start":{"line":71,"column":6},"end":{"line":71,"column":24}},"15":{"start":{"line":72,"column":6},"end":{"line":72,"column":33}},"16":{"start":{"line":74,"column":6},"end":{"line":74,"column":52}},"17":{"start":{"line":85,"column":25},"end":{"line":101,"column":4}},"18":{"start":{"line":86,"column":2},"end":{"line":101,"column":4}},"19":{"start":{"line":87,"column":4},"end":{"line":100,"column":5}},"20":{"start":{"line":88,"column":27},"end":{"line":88,"column":44}},"21":{"start":{"line":89,"column":20},"end":{"line":89,"column":36}},"22":{"start":{"line":90,"column":6},"end":{"line":96,"column":8}},"23":{"start":{"line":99,"column":6},"end":{"line":99,"column":24}}},"fnMap":{"0":{"name":"(anonymous_0)","decl":{"start":{"line":18,"column":20},"end":{"line":18,"column":21}},"loc":{"start":{"line":18,"column":71},"end":{"line":43,"column":1}},"line":18},"1":{"name":"(anonymous_1)","decl":{"start":{"line":28,"column":10},"end":{"line":28,"column":11}},"loc":{"start":{"line":28,"column":19},"end":{"line":34,"column":5}},"line":28},"2":{"name":"(anonymous_2)","decl":{"start":{"line":35,"column":10},"end":{"line":35,"column":11}},"loc":{"start":{"line":35,"column":20},"end":{"line":42,"column":5}},"line":35},"3":{"name":"(anonymous_3)","decl":{"start":{"line":52,"column":19},"end":{"line":52,"column":20}},"loc":{"start":{"line":52,"column":48},"end":{"line":56,"column":1}},"line":52},"4":{"name":"(anonymous_4)","decl":{"start":{"line":63,"column":20},"end":{"line":63,"column":21}},"loc":{"start":{"line":63,"column":41},"end":{"line":77,"column":1}},"line":63},"5":{"name":"(anonymous_5)","decl":{"start":{"line":69,"column":10},"end":{"line":69,"column":11}},"loc":{"start":{"line":69,"column":19},"end":{"line":76,"column":3}},"line":69},"6":{"name":"(anonymous_6)","decl":{"start":{"line":85,"column":25},"end":{"line":85,"column":26}},"loc":{"start":{"line":86,"column":2},"end":{"line":101,"column":4}},"line":86},"7":{"name":"(anonymous_7)","decl":{"start":{"line":86,"column":24},"end":{"line":86,"column":25}},"loc":{"start":{"line":86,"column":34},"end":{"line":101,"column":3}},"line":86}},"branchMap":{"0":{"loc":{"start":{"line":29,"column":6},"end":{"line":33,"column":7}},"type":"if","locations":[{"start":{"line":29,"column":6},"end":{"line":33,"column":7}},{"start":{"line":31,"column":13},"end":{"line":33,"column":7}}],"line":29},"1":{"loc":{"start":{"line":70,"column":4},"end":{"line":75,"column":5}},"type":"if","locations":[{"start":{"line":70,"column":4},"end":{"line":75,"column":5}},{"start":{"line":73,"column":11},"end":{"line":75,"column":5}}],"line":70},"2":{"loc":{"start":{"line":87,"column":4},"end":{"line":100,"column":5}},"type":"if","locations":[{"start":{"line":87,"column":4},"end":{"line":100,"column":5}},{"start":{"line":97,"column":11},"end":{"line":100,"column":5}}],"line":87}},"s":{"0":2,"1":2,"2":2,"3":2,"4":2,"5":0,"6":2,"7":2,"8":1,"9":1,"10":1,"11":2,"12":1,"13":1,"14":1,"15":1,"16":0,"17":2,"18":0,"19":0,"20":0,"21":0,"22":0,"23":0},"f":{"0":2,"1":2,"2":2,"3":1,"4":1,"5":1,"6":0,"7":0},"b":{"0":[2,0],"1":[1,0],"2":[0,0]},"_coverageSchema":"1a1c01bbd47fc00a2c39e90264f33305004495a9","hash":"baa9fb6c3de6cf46bd4c2334815d77b7a6a228ab"}
,"/home/dan/Documents/weather_v2/frontend/src/services/firebaseConfig.js": {"path":"/home/dan/Documents/weather_v2/frontend/src/services/firebaseConfig.js","statementMap":{},"fnMap":{},"branchMap":{},"s":{},"f":{},"b":{}}
,"/home/dan/Documents/weather_v2/frontend/src/services/firebaseService.js": {"path":"/home/dan/Documents/weather_v2/frontend/src/services/firebaseService.js","statementMap":{"0":{"start":{"line":4,"column":23},"end":{"line":4,"column":72}},"1":{"start":{"line":6,"column":12},"end":{"line":6,"column":41}},"2":{"start":{"line":7,"column":13},"end":{"line":7,"column":25}},"3":{"start":{"line":8,"column":17},"end":{"line":8,"column":41}}},"fnMap":{},"branchMap":{},"s":{"0":2,"1":2,"2":2,"3":2},"f":{},"b":{},"_coverageSchema":"1a1c01bbd47fc00a2c39e90264f33305004495a9","hash":"629b84b59f874cc5fea9f921c6865a70bc86d807"}
,"/home/dan/Documents/weather_v2/frontend/src/services/weatherService.js": {"path":"/home/dan/Documents/weather_v2/frontend/src/services/weatherService.js","statementMap":{"0":{"start":{"line":11,"column":23},"end":{"line":33,"column":1}},"1":{"start":{"line":12,"column":14},"end":{"line":12,"column":66}},"2":{"start":{"line":13,"column":2},"end":{"line":13,"column":34}},"3":{"start":{"line":15,"column":18},"end":{"line":15,"column":31}},"4":{"start":{"line":16,"column":2},"end":{"line":16,"column":67}},"5":{"start":{"line":17,"column":2},"end":{"line":17,"column":49}},"6":{"start":{"line":18,"column":2},"end":{"line":18,"column":53}},"7":{"start":{"line":20,"column":15},"end":{"line":24,"column":3}},"8":{"start":{"line":26,"column":2},"end":{"line":32,"column":5}},"9":{"start":{"line":27,"column":4},"end":{"line":31,"column":5}},"10":{"start":{"line":28,"column":6},"end":{"line":28,"column":24}},"11":{"start":{"line":30,"column":6},"end":{"line":30,"column":54}},"12":{"start":{"line":40,"column":32},"end":{"line":53,"column":1}},"13":{"start":{"line":41,"column":34},"end":{"line":50,"column":6}},"14":{"start":{"line":49,"column":6},"end":{"line":49,"column":54}},"15":{"start":{"line":52,"column":2},"end":{"line":52,"column":33}},"16":{"start":{"line":63,"column":21},"end":{"line":77,"column":1}},"17":{"start":{"line":70,"column":2},"end":{"line":76,"column":7}},"18":{"start":{"line":72,"column":6},"end":{"line":72,"column":23}},"19":{"start":{"line":75,"column":6},"end":{"line":75,"column":54}}},"fnMap":{"0":{"name":"(anonymous_0)","decl":{"start":{"line":11,"column":23},"end":{"line":11,"column":24}},"loc":{"start":{"line":11,"column":72},"end":{"line":33,"column":1}},"line":11},"1":{"name":"(anonymous_1)","decl":{"start":{"line":26,"column":42},"end":{"line":26,"column":43}},"loc":{"start":{"line":26,"column":51},"end":{"line":32,"column":3}},"line":26},"2":{"name":"(anonymous_2)","decl":{"start":{"line":40,"column":32},"end":{"line":40,"column":33}},"loc":{"start":{"line":40,"column":77},"end":{"line":53,"column":1}},"line":40},"3":{"name":"(anonymous_3)","decl":{"start":{"line":48,"column":11},"end":{"line":48,"column":12}},"loc":{"start":{"line":48,"column":20},"end":{"line":50,"column":5}},"line":48},"4":{"name":"(anonymous_4)","decl":{"start":{"line":63,"column":21},"end":{"line":63,"column":22}},"loc":{"start":{"line":69,"column":6},"end":{"line":77,"column":1}},"line":69},"5":{"name":"(anonymous_5)","decl":{"start":{"line":71,"column":10},"end":{"line":71,"column":11}},"loc":{"start":{"line":71,"column":20},"end":{"line":73,"column":5}},"line":71},"6":{"name":"(anonymous_6)","decl":{"start":{"line":74,"column":11},"end":{"line":74,"column":12}},"loc":{"start":{"line":74,"column":20},"end":{"line":76,"column":5}},"line":74}},"branchMap":{"0":{"loc":{"start":{"line":27,"column":4},"end":{"line":31,"column":5}},"type":"if","locations":[{"start":{"line":27,"column":4},"end":{"line":31,"column":5}},{"start":{"line":29,"column":11},"end":{"line":31,"column":5}}],"line":27},"1":{"loc":{"start":{"line":42,"column":4},"end":{"line":42,"column":46}},"type":"cond-expr","locations":[{"start":{"line":42,"column":24},"end":{"line":42,"column":30}},{"start":{"line":42,"column":33},"end":{"line":42,"column":46}}],"line":42}},"s":{"0":1,"1":3,"2":3,"3":3,"4":3,"5":3,"6":3,"7":3,"8":3,"9":3,"10":2,"11":1,"12":1,"13":0,"14":0,"15":0,"16":1,"17":0,"18":0,"19":0},"f":{"0":3,"1":3,"2":0,"3":0,"4":0,"5":0,"6":0},"b":{"0":[2,1],"1":[0,0]},"_coverageSchema":"1a1c01bbd47fc00a2c39e90264f33305004495a9","hash":"f986a9ff554d625a09333dd3c7726e86960d5e5a"}
,"/home/dan/Documents/weather_v2/frontend/src/utils/chartUtils.js": {"path":"/home/dan/Documents/weather_v2/frontend/src/utils/chartUtils.js","statementMap":{"0":{"start":{"line":8,"column":24},"end":{"line":23,"column":1}},"1":{"start":{"line":9,"column":2},"end":{"line":22,"column":4}},"2":{"start":{"line":35,"column":20},"end":{"line":46,"column":1}},"3":{"start":{"line":36,"column":18},"end":{"line":36,"column":20}},"4":{"start":{"line":37,"column":18},"end":{"line":37,"column":20}},"5":{"start":{"line":39,"column":2},"end":{"line":42,"column":5}},"6":{"start":{"line":40,"column":4},"end":{"line":40,"column":29}},"7":{"start":{"line":41,"column":4},"end":{"line":41,"column":39}},"8":{"start":{"line":44,"column":2},"end":{"line":44,"column":22}},"9":{"start":{"line":45,"column":2},"end":{"line":45,"column":22}},"10":{"start":{"line":48,"column":21},"end":{"line":83,"column":1}}},"fnMap":{"0":{"name":"(anonymous_0)","decl":{"start":{"line":8,"column":24},"end":{"line":8,"column":25}},"loc":{"start":{"line":8,"column":62},"end":{"line":23,"column":1}},"line":8},"1":{"name":"(anonymous_1)","decl":{"start":{"line":35,"column":20},"end":{"line":35,"column":21}},"loc":{"start":{"line":35,"column":75},"end":{"line":46,"column":1}},"line":35},"2":{"name":"(anonymous_2)","decl":{"start":{"line":39,"column":17},"end":{"line":39,"column":18}},"loc":{"start":{"line":39,"column":27},"end":{"line":42,"column":3}},"line":39}},"branchMap":{},"s":{"0":2,"1":3,"2":2,"3":3,"4":3,"5":3,"6":6,"7":6,"8":3,"9":3,"10":2},"f":{"0":3,"1":3,"2":6},"b":{},"_coverageSchema":"1a1c01bbd47fc00a2c39e90264f33305004495a9","hash":"197a6905b9c35561186a2be5cf43458eb7e03228"}
,"/home/dan/Documents/weather_v2/frontend/src/utils/parsingUtils.js": {"path":"/home/dan/Documents/weather_v2/frontend/src/utils/parsingUtils.js","statementMap":{"0":{"start":{"line":10,"column":28},"end":{"line":22,"column":1}},"1":{"start":{"line":11,"column":14},"end":{"line":11,"column":16}},"2":{"start":{"line":13,"column":2},"end":{"line":15,"column":5}},"3":{"start":{"line":14,"column":4},"end":{"line":14,"column":27}},"4":{"start":{"line":17,"column":2},"end":{"line":21,"column":4}},"5":{"start":{"line":24,"column":21},"end":{"line":32,"column":1}},"6":{"start":{"line":25,"column":2},"end":{"line":29,"column":3}},"7":{"start":{"line":26,"column":4},"end":{"line":26,"column":25}},"8":{"start":{"line":28,"column":4},"end":{"line":28,"column":23}},"9":{"start":{"line":31,"column":2},"end":{"line":31,"column":75}},"10":{"start":{"line":31,"column":56},"end":{"line":31,"column":67}},"11":{"start":{"line":41,"column":20},"end":{"line":65,"column":1}},"12":{"start":{"line":42,"column":14},"end":{"line":42,"column":56}},"13":{"start":{"line":43,"column":2},"end":{"line":56,"column":3}},"14":{"start":{"line":44,"column":4},"end":{"line":55,"column":6}},"15":{"start":{"line":58,"column":2},"end":{"line":60,"column":5}},"16":{"start":{"line":59,"column":4},"end":{"line":59,"column":77}},"17":{"start":{"line":62,"column":2},"end":{"line":62,"column":43}},"18":{"start":{"line":64,"column":2},"end":{"line":64,"column":13}},"19":{"start":{"line":72,"column":29},"end":{"line":97,"column":1}},"20":{"start":{"line":73,"column":54},"end":{"line":73,"column":58}},"21":{"start":{"line":77,"column":6},"end":{"line":77,"column":10}},"22":{"start":{"line":79,"column":15},"end":{"line":81,"column":3}},"23":{"start":{"line":80,"column":4},"end":{"line":80,"column":47}},"24":{"start":{"line":83,"column":14},"end":{"line":86,"column":3}},"25":{"start":{"line":84,"column":18},"end":{"line":84,"column":57}},"26":{"start":{"line":88,"column":2},"end":{"line":96,"column":5}},"27":{"start":{"line":99,"column":21},"end":{"line":106,"column":1}},"28":{"start":{"line":100,"column":2},"end":{"line":105,"column":3}},"29":{"start":{"line":101,"column":22},"end":{"line":101,"column":64}},"30":{"start":{"line":102,"column":4},"end":{"line":102,"column":21}},"31":{"start":{"line":104,"column":4},"end":{"line":104,"column":18}},"32":{"start":{"line":115,"column":24},"end":{"line":116,"column":51}},"33":{"start":{"line":116,"column":2},"end":{"line":116,"column":51}}},"fnMap":{"0":{"name":"(anonymous_0)","decl":{"start":{"line":10,"column":28},"end":{"line":10,"column":29}},"loc":{"start":{"line":10,"column":48},"end":{"line":22,"column":1}},"line":10},"1":{"name":"(anonymous_1)","decl":{"start":{"line":13,"column":12},"end":{"line":13,"column":13}},"loc":{"start":{"line":13,"column":22},"end":{"line":15,"column":3}},"line":13},"2":{"name":"(anonymous_2)","decl":{"start":{"line":24,"column":21},"end":{"line":24,"column":22}},"loc":{"start":{"line":24,"column":37},"end":{"line":32,"column":1}},"line":24},"3":{"name":"(anonymous_3)","decl":{"start":{"line":31,"column":46},"end":{"line":31,"column":47}},"loc":{"start":{"line":31,"column":56},"end":{"line":31,"column":67}},"line":31},"4":{"name":"(anonymous_4)","decl":{"start":{"line":41,"column":20},"end":{"line":41,"column":21}},"loc":{"start":{"line":41,"column":44},"end":{"line":65,"column":1}},"line":41},"5":{"name":"(anonymous_5)","decl":{"start":{"line":58,"column":12},"end":{"line":58,"column":13}},"loc":{"start":{"line":58,"column":22},"end":{"line":60,"column":3}},"line":58},"6":{"name":"(anonymous_6)","decl":{"start":{"line":72,"column":29},"end":{"line":72,"column":30}},"loc":{"start":{"line":72,"column":39},"end":{"line":97,"column":1}},"line":72},"7":{"name":"(anonymous_7)","decl":{"start":{"line":79,"column":29},"end":{"line":79,"column":30}},"loc":{"start":{"line":80,"column":4},"end":{"line":80,"column":47}},"line":80},"8":{"name":"(anonymous_8)","decl":{"start":{"line":84,"column":4},"end":{"line":84,"column":5}},"loc":{"start":{"line":84,"column":18},"end":{"line":84,"column":57}},"line":84},"9":{"name":"(anonymous_9)","decl":{"start":{"line":99,"column":21},"end":{"line":99,"column":22}},"loc":{"start":{"line":99,"column":27},"end":{"line":106,"column":1}},"line":99},"10":{"name":"(anonymous_10)","decl":{"start":{"line":115,"column":24},"end":{"line":115,"column":25}},"loc":{"start":{"line":116,"column":2},"end":{"line":116,"column":51}},"line":116}},"branchMap":{"0":{"loc":{"start":{"line":25,"column":2},"end":{"line":29,"column":3}},"type":"if","locations":[{"start":{"line":25,"column":2},"end":{"line":29,"column":3}},{"start":{"line":27,"column":9},"end":{"line":29,"column":3}}],"line":25},"1":{"loc":{"start":{"line":43,"column":2},"end":{"line":56,"column":3}},"type":"if","locations":[{"start":{"line":43,"column":2},"end":{"line":56,"column":3}},{"start":{},"end":{}}],"line":43},"2":{"loc":{"start":{"line":59,"column":21},"end":{"line":59,"column":76}},"type":"cond-expr","locations":[{"start":{"line":59,"column":50},"end":{"line":59,"column":59}},{"start":{"line":59,"column":62},"end":{"line":59,"column":76}}],"line":59}},"s":{"0":8,"1":2,"2":2,"3":14,"4":2,"5":8,"6":3,"7":3,"8":0,"9":3,"10":6,"11":8,"12":2,"13":2,"14":2,"15":2,"16":14,"17":2,"18":2,"19":8,"20":1,"21":1,"22":1,"23":1,"24":1,"25":1,"26":1,"27":8,"28":8,"29":8,"30":0,"31":8,"32":8,"33":8},"f":{"0":2,"1":14,"2":3,"3":6,"4":2,"5":14,"6":1,"7":1,"8":1,"9":8,"10":8},"b":{"0":[3,0],"1":[2,0],"2":[9,5]},"_coverageSchema":"1a1c01bbd47fc00a2c39e90264f33305004495a9","hash":"71212501ac296b3d5b6a77892e560097fa2c196e"}
,"/home/dan/Documents/weather_v2/frontend/src/utils/settings.js": {"path":"/home/dan/Documents/weather_v2/frontend/src/utils/settings.js","statementMap":{"0":{"start":{"line":1,"column":14},"end":{"line":9,"column":1}},"1":{"start":{"line":10,"column":23},"end":{"line":10,"column":49}},"2":{"start":{"line":11,"column":20},"end":{"line":11,"column":41}},"3":{"start":{"line":12,"column":28},"end":{"line":12,"column":72}}},"fnMap":{},"branchMap":{},"s":{"0":9,"1":9,"2":9,"3":9},"f":{},"b":{},"_coverageSchema":"1a1c01bbd47fc00a2c39e90264f33305004495a9","hash":"5a4c5d7bd6c8e25d8b70bc57f04e3804a06e1ef0"}
,"/home/dan/Documents/weather_v2/frontend/src/utils/timeUtils.js": {"path":"/home/dan/Documents/weather_v2/frontend/src/utils/timeUtils.js","statementMap":{"0":{"start":{"line":8,"column":19},"end":{"line":15,"column":1}},"1":{"start":{"line":9,"column":15},"end":{"line":9,"column":53}},"2":{"start":{"line":10,"column":2},"end":{"line":13,"column":3}},"3":{"start":{"line":11,"column":20},"end":{"line":11,"column":65}},"4":{"start":{"line":12,"column":4},"end":{"line":12,"column":57}},"5":{"start":{"line":14,"column":2},"end":{"line":14,"column":16}},"6":{"start":{"line":24,"column":26},"end":{"line":29,"column":1}},"7":{"start":{"line":25,"column":17},"end":{"line":25,"column":33}},"8":{"start":{"line":26,"column":2},"end":{"line":28,"column":22}}},"fnMap":{"0":{"name":"(anonymous_0)","decl":{"start":{"line":8,"column":19},"end":{"line":8,"column":20}},"loc":{"start":{"line":8,"column":29},"end":{"line":15,"column":1}},"line":8},"1":{"name":"(anonymous_1)","decl":{"start":{"line":24,"column":26},"end":{"line":24,"column":27}},"loc":{"start":{"line":24,"column":60},"end":{"line":29,"column":1}},"line":24}},"branchMap":{"0":{"loc":{"start":{"line":9,"column":18},"end":{"line":9,"column":37}},"type":"cond-expr","locations":[{"start":{"line":9,"column":29},"end":{"line":9,"column":32}},{"start":{"line":9,"column":35},"end":{"line":9,"column":37}}],"line":9},"1":{"loc":{"start":{"line":10,"column":2},"end":{"line":13,"column":3}},"type":"if","locations":[{"start":{"line":10,"column":2},"end":{"line":13,"column":3}},{"start":{},"end":{}}],"line":10},"2":{"loc":{"start":{"line":24,"column":39},"end":{"line":24,"column":55}},"type":"default-arg","locations":[{"start":{"line":24,"column":48},"end":{"line":24,"column":55}}],"line":24}},"s":{"0":12,"1":16,"2":16,"3":1,"4":1,"5":16,"6":12,"7":13,"8":13},"f":{"0":16,"1":13},"b":{"0":[14,2],"1":[1,15],"2":[2]},"_coverageSchema":"1a1c01bbd47fc00a2c39e90264f33305004495a9","hash":"ffe46849e4d87c14fc262aa95d6ab66758bb8cdd"}
}
